<?xml version="1.0" encoding="UTF-8"?>
<testng-results ignored="0" total="3" passed="3" failed="0" skipped="0">
  <reporter-output>
    <line>
      <![CDATA[Browser is opened]]>
    </line>
    <line>
      <![CDATA[Page title is: Javascript Alerts]]>
    </line>
    <line>
      <![CDATA[In the main page]]>
    </line>
    <line>
      <![CDATA[Simple alert is clicked]]>
    </line>
    <line>
      <![CDATA[Simple alert is displayed]]>
    </line>
    <line>
      <![CDATA[Simple alert text: This is a JavaScript Alert!]]>
    </line>
    <line>
      <![CDATA[Simple alert closed]]>
    </line>
    <line>
      <![CDATA[In the main page]]>
    </line>
    <line>
      <![CDATA[Confirm alert is clicked]]>
    </line>
    <line>
      <![CDATA[Confirm alert is displayed]]>
    </line>
    <line>
      <![CDATA[Confirm alert text: This is a JavaScript Confirmation!]]>
    </line>
    <line>
      <![CDATA[Confirm alert closed]]>
    </line>
    <line>
      <![CDATA[In the main page]]>
    </line>
    <line>
      <![CDATA[Prompt alert is clicked]]>
    </line>
    <line>
      <![CDATA[Prompt alert text: This is a JavaScript Prompt!]]>
    </line>
    <line>
      <![CDATA[Text entered into alert]]>
    </line>
    <line>
      <![CDATA[Prompt alert is closed]]>
    </line>
    <line>
      <![CDATA[Browser is closed]]>
    </line>
  </reporter-output>
  <suite started-at="2024-02-17T16:32:35 IST" name="Default Suite" finished-at="2024-02-17T16:32:46 IST" duration-ms="11165">
    <groups>
    </groups>
    <test started-at="2024-02-17T16:32:35 IST" name="FST_TestNG" finished-at="2024-02-17T16:32:46 IST" duration-ms="11165">
      <class name="Activities.Activity9">
        <test-method is-config="true" signature="BeforeTest()[pri:0, instance:Activities.Activity9@769e7ee8]" started-at="2024-02-17T16:32:35 IST" name="BeforeTest" finished-at="2024-02-17T16:32:42 IST" duration-ms="6959" status="PASS">
          <reporter-output>
            <line>
              <![CDATA[Browser is opened]]>
            </line>
            <line>
              <![CDATA[Page title is: Javascript Alerts]]>
            </line>
          </reporter-output>
        </test-method> <!-- BeforeTest -->
        <test-method is-config="true" signature="BeforeMethod()[pri:0, instance:Activities.Activity9@769e7ee8]" started-at="2024-02-17T16:32:42 IST" name="BeforeMethod" finished-at="2024-02-17T16:32:42 IST" duration-ms="22" status="PASS">
          <reporter-output>
            <line>
              <![CDATA[In the main page]]>
            </line>
          </reporter-output>
        </test-method> <!-- BeforeMethod -->
        <test-method signature="simpleAlertTestCase()[pri:0, instance:Activities.Activity9@769e7ee8]" started-at="2024-02-17T16:32:42 IST" name="simpleAlertTestCase" finished-at="2024-02-17T16:32:42 IST" duration-ms="294" status="PASS">
          <reporter-output>
            <line>
              <![CDATA[Simple alert is clicked]]>
            </line>
            <line>
              <![CDATA[Simple alert is displayed]]>
            </line>
            <line>
              <![CDATA[Simple alert text: This is a JavaScript Alert!]]>
            </line>
            <line>
              <![CDATA[Simple alert closed]]>
            </line>
          </reporter-output>
        </test-method> <!-- simpleAlertTestCase -->
        <test-method is-config="true" signature="BeforeMethod()[pri:0, instance:Activities.Activity9@769e7ee8]" started-at="2024-02-17T16:32:42 IST" name="BeforeMethod" finished-at="2024-02-17T16:32:42 IST" duration-ms="14" status="PASS">
          <reporter-output>
            <line>
              <![CDATA[In the main page]]>
            </line>
          </reporter-output>
        </test-method> <!-- BeforeMethod -->
        <test-method signature="confirmAlertTestCase()[pri:1, instance:Activities.Activity9@769e7ee8]" started-at="2024-02-17T16:32:42 IST" name="confirmAlertTestCase" finished-at="2024-02-17T16:32:43 IST" duration-ms="1147" status="PASS">
          <reporter-output>
            <line>
              <![CDATA[Confirm alert is clicked]]>
            </line>
            <line>
              <![CDATA[Confirm alert is displayed]]>
            </line>
            <line>
              <![CDATA[Confirm alert text: This is a JavaScript Confirmation!]]>
            </line>
            <line>
              <![CDATA[Confirm alert closed]]>
            </line>
          </reporter-output>
        </test-method> <!-- confirmAlertTestCase -->
        <test-method is-config="true" signature="BeforeMethod()[pri:0, instance:Activities.Activity9@769e7ee8]" started-at="2024-02-17T16:32:43 IST" name="BeforeMethod" finished-at="2024-02-17T16:32:43 IST" duration-ms="14" status="PASS">
          <reporter-output>
            <line>
              <![CDATA[In the main page]]>
            </line>
          </reporter-output>
        </test-method> <!-- BeforeMethod -->
        <test-method signature="promptAlertTestCase()[pri:2, instance:Activities.Activity9@769e7ee8]" started-at="2024-02-17T16:32:43 IST" name="promptAlertTestCase" finished-at="2024-02-17T16:32:45 IST" duration-ms="1216" status="PASS">
          <reporter-output>
            <line>
              <![CDATA[Prompt alert is clicked]]>
            </line>
            <line>
              <![CDATA[Prompt alert text: This is a JavaScript Prompt!]]>
            </line>
            <line>
              <![CDATA[Text entered into alert]]>
            </line>
            <line>
              <![CDATA[Prompt alert is closed]]>
            </line>
          </reporter-output>
        </test-method> <!-- promptAlertTestCase -->
        <test-method is-config="true" signature="AfterTest()[pri:0, instance:Activities.Activity9@769e7ee8]" started-at="2024-02-17T16:32:45 IST" name="AfterTest" finished-at="2024-02-17T16:32:46 IST" duration-ms="1422" status="PASS">
          <reporter-output>
            <line>
              <![CDATA[Browser is closed]]>
            </line>
          </reporter-output>
        </test-method> <!-- AfterTest -->
      </class> <!-- Activities.Activity9 -->
    </test> <!-- FST_TestNG -->
  </suite> <!-- Default Suite -->
</testng-results>
